0 info it worked if it ends with ok
1 verbose cli [ '/usr/local/bin/node',
1 verbose cli   '/usr/local/bin/npm',
1 verbose cli   'install',
1 verbose cli   '--save-dev',
1 verbose cli   'bootstrap-ui' ]
2 info using npm@2.14.12
3 info using node@v4.2.4
4 verbose install initial load of /Users/Anthony/WebProjects/Vlo/package.json
5 warn package.json Vlocity_Interview_Supplement@1.0.0 No README data
6 verbose installManyTop reading scoped package data from /Users/Anthony/WebProjects/Vlo/node_modules/angularjs/package.json
7 verbose installManyTop reading scoped package data from /Users/Anthony/WebProjects/Vlo/node_modules/bootstrap/package.json
8 verbose installManyTop reading scoped package data from /Users/Anthony/WebProjects/Vlo/node_modules/grunt/package.json
9 verbose installManyTop reading scoped package data from /Users/Anthony/WebProjects/Vlo/node_modules/grunt-contrib-compass/package.json
10 verbose installManyTop reading scoped package data from /Users/Anthony/WebProjects/Vlo/node_modules/grunt-contrib-concat/package.json
11 verbose installManyTop reading scoped package data from /Users/Anthony/WebProjects/Vlo/node_modules/grunt-contrib-jshint/package.json
12 verbose installManyTop reading scoped package data from /Users/Anthony/WebProjects/Vlo/node_modules/grunt-contrib-livereload/package.json
13 verbose installManyTop reading scoped package data from /Users/Anthony/WebProjects/Vlo/node_modules/grunt-contrib-qunit/package.json
14 verbose installManyTop reading scoped package data from /Users/Anthony/WebProjects/Vlo/node_modules/grunt-contrib-sass/package.json
15 verbose installManyTop reading scoped package data from /Users/Anthony/WebProjects/Vlo/node_modules/grunt-contrib-uglify/package.json
16 verbose installManyTop reading scoped package data from /Users/Anthony/WebProjects/Vlo/node_modules/grunt-contrib-watch/package.json
17 info package.json grunt@0.4.5 No license field.
18 info package.json grunt-contrib-concat@0.5.1 No license field.
19 info package.json grunt-contrib-livereload@0.1.2 No license field.
20 info package.json grunt-contrib-sass@0.9.2 No license field.
21 info package.json grunt-contrib-qunit@0.7.0 No license field.
22 info package.json grunt-contrib-watch@0.6.1 No license field.
23 verbose readDependencies loading dependencies from /Users/Anthony/WebProjects/Vlo/package.json
24 silly cache add args [ 'bootstrap-ui', null ]
25 verbose cache add spec bootstrap-ui
26 silly cache add parsed spec Result {
26 silly cache add   raw: 'bootstrap-ui',
26 silly cache add   scope: null,
26 silly cache add   name: 'bootstrap-ui',
26 silly cache add   rawSpec: '',
26 silly cache add   spec: 'latest',
26 silly cache add   type: 'tag' }
27 silly addNamed bootstrap-ui@latest
28 verbose addNamed "latest" is being treated as a dist-tag for bootstrap-ui
29 info addNameTag [ 'bootstrap-ui', 'latest' ]
30 silly mapToRegistry name bootstrap-ui
31 silly mapToRegistry using default registry
32 silly mapToRegistry registry https://registry.npmjs.org/
33 silly mapToRegistry uri https://registry.npmjs.org/bootstrap-ui
34 verbose addNameTag registry:https://registry.npmjs.org/bootstrap-ui not in flight; fetching
35 verbose request uri https://registry.npmjs.org/bootstrap-ui
36 verbose request no auth needed
37 info attempt registry request try #1 at 9:01:49 AM
38 verbose request id 30cadabb93c489f8
39 http request GET https://registry.npmjs.org/bootstrap-ui
40 http 404 https://registry.npmjs.org/bootstrap-ui
41 verbose headers { 'content-type': 'application/json',
41 verbose headers   'cache-control': 'max-age=0',
41 verbose headers   'content-length': '2',
41 verbose headers   'accept-ranges': 'bytes',
41 verbose headers   date: 'Fri, 20 May 2016 13:01:49 GMT',
41 verbose headers   via: '1.1 varnish',
41 verbose headers   age: '0',
41 verbose headers   connection: 'keep-alive',
41 verbose headers   'x-served-by': 'cache-jfk1030-JFK',
41 verbose headers   'x-cache': 'MISS',
41 verbose headers   'x-cache-hits': '0',
41 verbose headers   'x-timer': 'S1463749309.482527,VS0,VE102',
41 verbose headers   vary: 'Accept-Encoding' }
42 silly get cb [ 404,
42 silly get   { 'content-type': 'application/json',
42 silly get     'cache-control': 'max-age=0',
42 silly get     'content-length': '2',
42 silly get     'accept-ranges': 'bytes',
42 silly get     date: 'Fri, 20 May 2016 13:01:49 GMT',
42 silly get     via: '1.1 varnish',
42 silly get     age: '0',
42 silly get     connection: 'keep-alive',
42 silly get     'x-served-by': 'cache-jfk1030-JFK',
42 silly get     'x-cache': 'MISS',
42 silly get     'x-cache-hits': '0',
42 silly get     'x-timer': 'S1463749309.482527,VS0,VE102',
42 silly get     vary: 'Accept-Encoding' } ]
43 verbose stack Error: Registry returned 404 for GET on https://registry.npmjs.org/bootstrap-ui
43 verbose stack     at makeError (/usr/local/lib/node_modules/npm/node_modules/npm-registry-client/lib/request.js:264:12)
43 verbose stack     at CachingRegistryClient.<anonymous> (/usr/local/lib/node_modules/npm/node_modules/npm-registry-client/lib/request.js:242:14)
43 verbose stack     at Request._callback (/usr/local/lib/node_modules/npm/node_modules/npm-registry-client/lib/request.js:172:14)
43 verbose stack     at Request.self.callback (/usr/local/lib/node_modules/npm/node_modules/request/request.js:198:22)
43 verbose stack     at emitTwo (events.js:87:13)
43 verbose stack     at Request.emit (events.js:172:7)
43 verbose stack     at Request.<anonymous> (/usr/local/lib/node_modules/npm/node_modules/request/request.js:1082:10)
43 verbose stack     at emitOne (events.js:82:20)
43 verbose stack     at Request.emit (events.js:169:7)
43 verbose stack     at IncomingMessage.<anonymous> (/usr/local/lib/node_modules/npm/node_modules/request/request.js:1009:12)
44 verbose statusCode 404
45 verbose pkgid bootstrap-ui
46 verbose cwd /Users/Anthony/WebProjects/Vlo
47 error Darwin 15.4.0
48 error argv "/usr/local/bin/node" "/usr/local/bin/npm" "install" "--save-dev" "bootstrap-ui"
49 error node v4.2.4
50 error npm  v2.14.12
51 error code E404
52 error 404 Registry returned 404 for GET on https://registry.npmjs.org/bootstrap-ui
52 error 404
52 error 404 'bootstrap-ui' is not in the npm registry.
52 error 404 You should bug the author to publish it (or use the name yourself!)
52 error 404 It was specified as a dependency of 'Vlocity_Interview_Supplement'
52 error 404
52 error 404 Note that you can also install from a
52 error 404 tarball, folder, http url, or git url.
53 verbose exit [ 1, true ]
